<?xml version="1.0" encoding="utf-8"?>
<!DOCTYPE coverage SYSTEM "http://cobertura.sourceforge.net/xml/coverage-04.dtd">
<coverage line-rate="0.5" branch-rate="0.308781869688385" lines-covered="556" lines-valid="1112" branches-covered="109" branches-valid="353" complexity="446" version="0" timestamp="1725031609">
  <sources>
    <source>C:\Users\jamin\</source>
  </sources>
  <packages>
    <package name="Optimizely.Graph.Source.Sdk" line-rate="0.497737556561086" branch-rate="0.308781869688385" complexity="439">
      <classes>
        <class name="Optimizely.Graph.Source.Sdk.BasicAuth.BasicAuthClient" filename="C:\Users\jamin\source\repos\graph-source-sdk\Optimizely.Graph.Source.Sdk\Optimizely.Graph.Source.Sdk\BasicAuth\BasicAuthClient.cs" line-rate="1" branch-rate="1" complexity="6">
          <methods>
            <method name="HandleResponse" signature="(...)" line-rate="1" branch-rate="1" complexity="1">
              <lines>
                <line number="58" hits="1" branch="false" />
                <line number="59" hits="1" branch="false" />
                <line number="60" hits="1" branch="false" />
              </lines>
            </method>
            <method name="HandleResponse" signature="(...)" line-rate="1" branch-rate="1" complexity="1">
              <lines>
                <line number="68" hits="1" branch="false" />
                <line number="69" hits="1" branch="false" />
                <line number="70" hits="1" branch="false" />
              </lines>
            </method>
            <method name="GetBasicAuthString" signature="()" line-rate="1" branch-rate="1" complexity="1">
              <lines>
                <line number="73" hits="2" branch="false" />
                <line number="74" hits="2" branch="false" />
                <line number="75" hits="2" branch="false" />
              </lines>
            </method>
            <method name=".ctor" signature="(...)" line-rate="1" branch-rate="1" complexity="1">
              <lines>
                <line number="21" hits="6" branch="false" />
                <line number="22" hits="6" branch="false" />
                <line number="23" hits="6" branch="false" />
                <line number="24" hits="6" branch="false" />
                <line number="25" hits="6" branch="false" />
                <line number="26" hits="6" branch="false" />
              </lines>
            </method>
            <method name="SendAsync" signature="()" line-rate="1" branch-rate="1" complexity="1">
              <lines>
                <line number="34" hits="1" branch="false" />
                <line number="35" hits="1" branch="false" />
                <line number="36" hits="1" branch="false" />
                <line number="37" hits="1" branch="false" />
              </lines>
            </method>
            <method name="SendAsync" signature="()" line-rate="1" branch-rate="1" complexity="1">
              <lines>
                <line number="46" hits="1" branch="false" />
                <line number="47" hits="1" branch="false" />
                <line number="48" hits="1" branch="false" />
                <line number="49" hits="1" branch="false" />
              </lines>
            </method>
          </methods>
          <lines>
            <line number="21" hits="6" branch="false" />
            <line number="22" hits="6" branch="false" />
            <line number="23" hits="6" branch="false" />
            <line number="24" hits="6" branch="false" />
            <line number="25" hits="6" branch="false" />
            <line number="26" hits="6" branch="false" />
            <line number="34" hits="1" branch="false" />
            <line number="35" hits="1" branch="false" />
            <line number="36" hits="1" branch="false" />
            <line number="37" hits="1" branch="false" />
            <line number="46" hits="1" branch="false" />
            <line number="47" hits="1" branch="false" />
            <line number="48" hits="1" branch="false" />
            <line number="49" hits="1" branch="false" />
            <line number="58" hits="1" branch="false" />
            <line number="59" hits="1" branch="false" />
            <line number="60" hits="1" branch="false" />
            <line number="68" hits="1" branch="false" />
            <line number="69" hits="1" branch="false" />
            <line number="70" hits="1" branch="false" />
            <line number="73" hits="2" branch="false" />
            <line number="74" hits="2" branch="false" />
            <line number="75" hits="2" branch="false" />
          </lines>
        </class>
        <class name="Optimizely.Graph.Source.Sdk.BasicAuth.BasicAuthClientFactory" filename="C:\Users\jamin\source\repos\graph-source-sdk\Optimizely.Graph.Source.Sdk\Optimizely.Graph.Source.Sdk\BasicAuth\BasicAuthClientFactory.cs" line-rate="1" branch-rate="1" complexity="5">
          <methods>
            <method name="Create" signature="(...)" line-rate="1" branch-rate="1" complexity="1">
              <lines>
                <line number="27" hits="2" branch="false" />
                <line number="28" hits="2" branch="false" />
                <line number="29" hits="2" branch="false" />
              </lines>
            </method>
            <method name=".ctor" signature="(...)" line-rate="1" branch-rate="1" complexity="4">
              <lines>
                <line number="19" hits="4" branch="false" />
                <line number="20" hits="4" branch="false" />
                <line number="21" hits="4" branch="true" condition-coverage="100% (2/2)" />
                <line number="22" hits="3" branch="true" condition-coverage="100% (2/2)" />
                <line number="23" hits="2" branch="false" />
              </lines>
            </method>
          </methods>
          <lines>
            <line number="19" hits="4" branch="false" />
            <line number="20" hits="4" branch="false" />
            <line number="21" hits="4" branch="true" condition-coverage="100% (2/2)" />
            <line number="22" hits="3" branch="true" condition-coverage="100% (2/2)" />
            <line number="23" hits="2" branch="false" />
            <line number="27" hits="2" branch="false" />
            <line number="28" hits="2" branch="false" />
            <line number="29" hits="2" branch="false" />
          </lines>
        </class>
        <class name="Optimizely.Graph.Source.Sdk.Core.Exceptions.ClientException" filename="C:\Users\jamin\source\repos\graph-source-sdk\Optimizely.Graph.Source.Sdk\Optimizely.Graph.Source.Sdk\Core\Exceptions\ClientException.cs" line-rate="0.692307692307692" branch-rate="1" complexity="4">
          <methods>
            <method name="get_StatusCode" signature="()" line-rate="1" branch-rate="1" complexity="1">
              <lines>
                <line number="43" hits="7" branch="false" />
              </lines>
            </method>
            <method name=".ctor" signature="(...)" line-rate="0" branch-rate="1" complexity="1">
              <lines>
                <line number="13" hits="0" branch="false" />
                <line number="14" hits="0" branch="false" />
                <line number="15" hits="0" branch="false" />
                <line number="16" hits="0" branch="false" />
              </lines>
            </method>
            <method name=".ctor" signature="(...)" line-rate="1" branch-rate="1" complexity="1">
              <lines>
                <line number="24" hits="6" branch="false" />
                <line number="25" hits="6" branch="false" />
                <line number="26" hits="6" branch="false" />
                <line number="27" hits="6" branch="false" />
              </lines>
            </method>
            <method name=".ctor" signature="(...)" line-rate="1" branch-rate="1" complexity="1">
              <lines>
                <line number="35" hits="1" branch="false" />
                <line number="36" hits="1" branch="false" />
                <line number="37" hits="1" branch="false" />
                <line number="38" hits="1" branch="false" />
              </lines>
            </method>
          </methods>
          <lines>
            <line number="13" hits="0" branch="false" />
            <line number="14" hits="0" branch="false" />
            <line number="15" hits="0" branch="false" />
            <line number="16" hits="0" branch="false" />
            <line number="24" hits="6" branch="false" />
            <line number="25" hits="6" branch="false" />
            <line number="26" hits="6" branch="false" />
            <line number="27" hits="6" branch="false" />
            <line number="35" hits="1" branch="false" />
            <line number="36" hits="1" branch="false" />
            <line number="37" hits="1" branch="false" />
            <line number="38" hits="1" branch="false" />
            <line number="43" hits="7" branch="false" />
          </lines>
        </class>
        <class name="Optimizely.Graph.Source.Sdk.Core.Exceptions.CommunicationException" filename="C:\Users\jamin\source\repos\graph-source-sdk\Optimizely.Graph.Source.Sdk\Optimizely.Graph.Source.Sdk\Core\Exceptions\CommunicationException.cs" line-rate="1" branch-rate="1" complexity="1">
          <methods>
            <method name=".ctor" signature="(...)" line-rate="1" branch-rate="1" complexity="1">
              <lines>
                <line number="16" hits="1" branch="false" />
                <line number="17" hits="1" branch="false" />
                <line number="19" hits="1" branch="false" />
              </lines>
            </method>
          </methods>
          <lines>
            <line number="16" hits="1" branch="false" />
            <line number="17" hits="1" branch="false" />
            <line number="19" hits="1" branch="false" />
          </lines>
        </class>
        <class name="Optimizely.Graph.Source.Sdk.Core.Exceptions.ForbiddenException" filename="C:\Users\jamin\source\repos\graph-source-sdk\Optimizely.Graph.Source.Sdk\Optimizely.Graph.Source.Sdk\Core\Exceptions\ForbiddenException.cs" line-rate="0" branch-rate="1" complexity="1">
          <methods>
            <method name=".ctor" signature="(...)" line-rate="0" branch-rate="1" complexity="1">
              <lines>
                <line number="14" hits="0" branch="false" />
                <line number="15" hits="0" branch="false" />
                <line number="17" hits="0" branch="false" />
              </lines>
            </method>
          </methods>
          <lines>
            <line number="14" hits="0" branch="false" />
            <line number="15" hits="0" branch="false" />
            <line number="17" hits="0" branch="false" />
          </lines>
        </class>
        <class name="Optimizely.Graph.Source.Sdk.Core.Exceptions.NotAuthorizedException" filename="C:\Users\jamin\source\repos\graph-source-sdk\Optimizely.Graph.Source.Sdk\Optimizely.Graph.Source.Sdk\Core\Exceptions\NotAuthorizedException.cs" line-rate="1" branch-rate="1" complexity="1">
          <methods>
            <method name=".ctor" signature="(...)" line-rate="1" branch-rate="1" complexity="1">
              <lines>
                <line number="14" hits="1" branch="false" />
                <line number="15" hits="1" branch="false" />
                <line number="17" hits="1" branch="false" />
              </lines>
            </method>
          </methods>
          <lines>
            <line number="14" hits="1" branch="false" />
            <line number="15" hits="1" branch="false" />
            <line number="17" hits="1" branch="false" />
          </lines>
        </class>
        <class name="Optimizely.Graph.Source.Sdk.Core.Exceptions.NotFoundException" filename="C:\Users\jamin\source\repos\graph-source-sdk\Optimizely.Graph.Source.Sdk\Optimizely.Graph.Source.Sdk\Core\Exceptions\NotFoundException.cs" line-rate="1" branch-rate="1" complexity="1">
          <methods>
            <method name=".ctor" signature="(...)" line-rate="1" branch-rate="1" complexity="1">
              <lines>
                <line number="14" hits="1" branch="false" />
                <line number="15" hits="1" branch="false" />
                <line number="17" hits="1" branch="false" />
              </lines>
            </method>
          </methods>
          <lines>
            <line number="14" hits="1" branch="false" />
            <line number="15" hits="1" branch="false" />
            <line number="17" hits="1" branch="false" />
          </lines>
        </class>
        <class name="Optimizely.Graph.Source.Sdk.Core.Exceptions.ServiceErrorException" filename="C:\Users\jamin\source\repos\graph-source-sdk\Optimizely.Graph.Source.Sdk\Optimizely.Graph.Source.Sdk\Core\Exceptions\ServiceErrorException.cs" line-rate="1" branch-rate="1" complexity="1">
          <methods>
            <method name=".ctor" signature="(...)" line-rate="1" branch-rate="1" complexity="1">
              <lines>
                <line number="13" hits="2" branch="false" />
                <line number="14" hits="2" branch="false" />
                <line number="16" hits="2" branch="false" />
              </lines>
            </method>
          </methods>
          <lines>
            <line number="13" hits="2" branch="false" />
            <line number="14" hits="2" branch="false" />
            <line number="16" hits="2" branch="false" />
          </lines>
        </class>
        <class name="Optimizely.Graph.Source.Sdk.Core.Exceptions.TimeoutException" filename="C:\Users\jamin\source\repos\graph-source-sdk\Optimizely.Graph.Source.Sdk\Optimizely.Graph.Source.Sdk\Core\Exceptions\TimeoutException.cs" line-rate="1" branch-rate="1" complexity="1">
          <methods>
            <method name=".ctor" signature="(...)" line-rate="1" branch-rate="1" complexity="1">
              <lines>
                <line number="14" hits="1" branch="false" />
                <line number="15" hits="1" branch="false" />
                <line number="17" hits="1" branch="false" />
              </lines>
            </method>
          </methods>
          <lines>
            <line number="14" hits="1" branch="false" />
            <line number="15" hits="1" branch="false" />
            <line number="17" hits="1" branch="false" />
          </lines>
        </class>
        <class name="Optimizely.Graph.Source.Sdk.Core.Exceptions.ValidationException" filename="C:\Users\jamin\source\repos\graph-source-sdk\Optimizely.Graph.Source.Sdk\Optimizely.Graph.Source.Sdk\Core\Exceptions\ValidationException.cs" line-rate="1" branch-rate="1" complexity="1">
          <methods>
            <method name=".ctor" signature="(...)" line-rate="1" branch-rate="1" complexity="1">
              <lines>
                <line number="12" hits="1" branch="false" />
                <line number="13" hits="1" branch="false" />
                <line number="14" hits="1" branch="false" />
              </lines>
            </method>
          </methods>
          <lines>
            <line number="12" hits="1" branch="false" />
            <line number="13" hits="1" branch="false" />
            <line number="14" hits="1" branch="false" />
          </lines>
        </class>
        <class name="Optimizely.Graph.Source.Sdk.ExpressionHelpers.ExpressionConstantExtractor" filename="C:\Users\jamin\source\repos\graph-source-sdk\Optimizely.Graph.Source.Sdk\Optimizely.Graph.Source.Sdk\ExpressionHelpers\ExpressionConstantExtractor.cs" line-rate="0" branch-rate="1" complexity="3">
          <methods>
            <method name="VisitConstant" signature="(...)" line-rate="0" branch-rate="1" complexity="1">
              <lines>
                <line number="17" hits="0" branch="false" />
                <line number="20" hits="0" branch="false" />
                <line number="22" hits="0" branch="false" />
                <line number="23" hits="0" branch="false" />
              </lines>
            </method>
            <method name="ReplaceConstants" signature="(...)" line-rate="0" branch-rate="1" complexity="1">
              <lines>
                <line number="26" hits="0" branch="false" />
                <line number="30" hits="0" branch="false" />
                <line number="31" hits="0" branch="false" />
                <line number="35" hits="0" branch="false" />
                <line number="36" hits="0" branch="false" />
              </lines>
            </method>
            <method name=".ctor" signature="(...)" line-rate="0" branch-rate="1" complexity="1">
              <lines>
                <line number="8" hits="0" branch="false" />
                <line number="9" hits="0" branch="false" />
                <line number="11" hits="0" branch="false" />
                <line number="12" hits="0" branch="false" />
                <line number="13" hits="0" branch="false" />
                <line number="14" hits="0" branch="false" />
              </lines>
            </method>
          </methods>
          <lines>
            <line number="8" hits="0" branch="false" />
            <line number="9" hits="0" branch="false" />
            <line number="11" hits="0" branch="false" />
            <line number="12" hits="0" branch="false" />
            <line number="13" hits="0" branch="false" />
            <line number="14" hits="0" branch="false" />
            <line number="17" hits="0" branch="false" />
            <line number="20" hits="0" branch="false" />
            <line number="22" hits="0" branch="false" />
            <line number="23" hits="0" branch="false" />
            <line number="26" hits="0" branch="false" />
            <line number="30" hits="0" branch="false" />
            <line number="31" hits="0" branch="false" />
            <line number="35" hits="0" branch="false" />
            <line number="36" hits="0" branch="false" />
          </lines>
        </class>
        <class name="Optimizely.Graph.Source.Sdk.ExpressionHelpers.ExpressionExtensions" filename="C:\Users\jamin\source\repos\graph-source-sdk\Optimizely.Graph.Source.Sdk\Optimizely.Graph.Source.Sdk\ExpressionHelpers\ExpressionExtensions.cs" line-rate="0.237623762376238" branch-rate="0.210526315789474" complexity="42">
          <methods>
            <method name="GetMemberReturnType" signature="(...)" line-rate="0" branch-rate="1" complexity="1">
              <lines>
                <line number="9" hits="0" branch="false" />
                <line number="10" hits="0" branch="false" />
                <line number="11" hits="0" branch="false" />
              </lines>
            </method>
            <method name="GetFieldPath" signature="(...)" line-rate="1" branch-rate="1" complexity="1">
              <lines>
                <line number="14" hits="15" branch="false" />
                <line number="15" hits="15" branch="false" />
                <line number="16" hits="15" branch="false" />
                <line number="17" hits="15" branch="false" />
              </lines>
            </method>
            <method name="GetReturnType" signature="(...)" line-rate="0.588235294117647" branch-rate="0.666666666666667" complexity="12">
              <lines>
                <line number="20" hits="15" branch="false" />
                <line number="21" hits="15" branch="true" condition-coverage="100% (2/2)" />
                <line number="22" hits="15" branch="false" />
                <line number="23" hits="15" branch="false" />
                <line number="24" hits="15" branch="false" />
                <line number="25" hits="15" branch="false" />
                <line number="27" hits="15" branch="true" condition-coverage="100% (2/2)" />
                <line number="28" hits="10" branch="false" />
                <line number="29" hits="10" branch="false" />
                <line number="30" hits="10" branch="false" />
                <line number="31" hits="10" branch="false" />
                <line number="32" hits="5" branch="true" condition-coverage="50% (1/2)" />
                <line number="33" hits="0" branch="false" />
                <line number="34" hits="0" branch="false" />
                <line number="35" hits="0" branch="false" />
                <line number="36" hits="0" branch="false" />
                <line number="37" hits="5" branch="true" condition-coverage="50% (1/2)" />
                <line number="38" hits="5" branch="false" />
                <line number="39" hits="5" branch="false" />
                <line number="40" hits="5" branch="false" />
                <line number="41" hits="5" branch="false" />
                <line number="42" hits="0" branch="true" condition-coverage="50% (1/2)" />
                <line number="43" hits="0" branch="false" />
                <line number="44" hits="0" branch="false" />
                <line number="45" hits="0" branch="false" />
                <line number="46" hits="0" branch="false" />
                <line number="48" hits="15" branch="true" condition-coverage="50% (1/2)" />
                <line number="49" hits="0" branch="false" />
                <line number="50" hits="0" branch="false" />
                <line number="51" hits="0" branch="false" />
                <line number="52" hits="0" branch="false" />
                <line number="53" hits="0" branch="false" />
                <line number="55" hits="15" branch="false" />
                <line number="56" hits="15" branch="false" />
              </lines>
            </method>
            <method name="GetDeclaringType" signature="(...)" line-rate="0" branch-rate="0" complexity="10">
              <lines>
                <line number="59" hits="0" branch="false" />
                <line number="60" hits="0" branch="false" />
                <line number="62" hits="0" branch="false" />
                <line number="63" hits="0" branch="true" condition-coverage="0% (0/2)" />
                <line number="64" hits="0" branch="false" />
                <line number="65" hits="0" branch="false" />
                <line number="66" hits="0" branch="true" condition-coverage="0% (0/2)" />
                <line number="67" hits="0" branch="false" />
                <line number="68" hits="0" branch="false" />
                <line number="69" hits="0" branch="true" condition-coverage="0% (0/2)" />
                <line number="70" hits="0" branch="false" />
                <line number="71" hits="0" branch="false" />
                <line number="72" hits="0" branch="true" condition-coverage="0% (0/2)" />
                <line number="73" hits="0" branch="false" />
                <line number="74" hits="0" branch="false" />
                <line number="75" hits="0" branch="false" />
                <line number="77" hits="0" branch="true" condition-coverage="0% (0/2)" />
                <line number="78" hits="0" branch="false" />
                <line number="79" hits="0" branch="false" />
                <line number="80" hits="0" branch="false" />
                <line number="81" hits="0" branch="false" />
                <line number="82" hits="0" branch="false" />
              </lines>
            </method>
            <method name="Find" signature="(...)" line-rate="0" branch-rate="1" complexity="1">
              <lines>
                <line number="94" hits="0" branch="false" />
                <line number="95" hits="0" branch="false" />
                <line number="96" hits="0" branch="false" />
                <line number="97" hits="0" branch="false" />
              </lines>
            </method>
            <method name="Replace" signature="(...)" line-rate="0" branch-rate="1" complexity="1">
              <lines>
                <line number="110" hits="0" branch="false" />
                <line number="112" hits="0" branch="false" />
                <line number="114" hits="0" branch="false" />
                <line number="116" hits="0" branch="false" />
              </lines>
            </method>
            <method name="IsGetItemInvokationOnGenericDictionary" signature="(...)" line-rate="0" branch-rate="0" complexity="12">
              <lines>
                <line number="119" hits="0" branch="false" />
                <line number="120" hits="0" branch="true" condition-coverage="0% (0/4)" />
                <line number="121" hits="0" branch="false" />
                <line number="122" hits="0" branch="false" />
                <line number="125" hits="0" branch="false" />
                <line number="126" hits="0" branch="true" condition-coverage="0% (0/2)" />
                <line number="127" hits="0" branch="false" />
                <line number="128" hits="0" branch="false" />
                <line number="131" hits="0" branch="false" />
                <line number="132" hits="0" branch="true" condition-coverage="0% (0/2)" />
                <line number="133" hits="0" branch="false" />
                <line number="134" hits="0" branch="false" />
                <line number="137" hits="0" branch="false" />
                <line number="138" hits="0" branch="true" condition-coverage="0% (0/2)" />
                <line number="139" hits="0" branch="false" />
                <line number="140" hits="0" branch="false" />
                <line number="142" hits="0" branch="true" condition-coverage="0% (0/2)" />
                <line number="143" hits="0" branch="false" />
                <line number="144" hits="0" branch="false" />
                <line number="147" hits="0" branch="false" />
                <line number="148" hits="0" branch="false" />
              </lines>
            </method>
            <method name="GetMemberReturnType" signature="(...)" line-rate="0" branch-rate="0" complexity="4">
              <lines>
                <line number="151" hits="0" branch="false" />
                <line number="152" hits="0" branch="true" condition-coverage="0% (0/2)" />
                <line number="153" hits="0" branch="false" />
                <line number="154" hits="0" branch="false" />
                <line number="156" hits="0" branch="true" condition-coverage="0% (0/2)" />
                <line number="157" hits="0" branch="false" />
                <line number="158" hits="0" branch="false" />
                <line number="161" hits="0" branch="false" />
                <line number="162" hits="0" branch="false" />
              </lines>
            </method>
          </methods>
          <lines>
            <line number="9" hits="0" branch="false" />
            <line number="10" hits="0" branch="false" />
            <line number="11" hits="0" branch="false" />
            <line number="14" hits="15" branch="false" />
            <line number="15" hits="15" branch="false" />
            <line number="16" hits="15" branch="false" />
            <line number="17" hits="15" branch="false" />
            <line number="20" hits="15" branch="false" />
            <line number="21" hits="15" branch="true" condition-coverage="100% (2/2)" />
            <line number="22" hits="15" branch="false" />
            <line number="23" hits="15" branch="false" />
            <line number="24" hits="15" branch="false" />
            <line number="25" hits="15" branch="false" />
            <line number="27" hits="15" branch="true" condition-coverage="100% (2/2)" />
            <line number="28" hits="10" branch="false" />
            <line number="29" hits="10" branch="false" />
            <line number="30" hits="10" branch="false" />
            <line number="31" hits="10" branch="false" />
            <line number="32" hits="5" branch="true" condition-coverage="50% (1/2)" />
            <line number="33" hits="0" branch="false" />
            <line number="34" hits="0" branch="false" />
            <line number="35" hits="0" branch="false" />
            <line number="36" hits="0" branch="false" />
            <line number="37" hits="5" branch="true" condition-coverage="50% (1/2)" />
            <line number="38" hits="5" branch="false" />
            <line number="39" hits="5" branch="false" />
            <line number="40" hits="5" branch="false" />
            <line number="41" hits="5" branch="false" />
            <line number="42" hits="0" branch="true" condition-coverage="50% (1/2)" />
            <line number="43" hits="0" branch="false" />
            <line number="44" hits="0" branch="false" />
            <line number="45" hits="0" branch="false" />
            <line number="46" hits="0" branch="false" />
            <line number="48" hits="15" branch="true" condition-coverage="50% (1/2)" />
            <line number="49" hits="0" branch="false" />
            <line number="50" hits="0" branch="false" />
            <line number="51" hits="0" branch="false" />
            <line number="52" hits="0" branch="false" />
            <line number="53" hits="0" branch="false" />
            <line number="55" hits="15" branch="false" />
            <line number="56" hits="15" branch="false" />
            <line number="59" hits="0" branch="false" />
            <line number="60" hits="0" branch="false" />
            <line number="62" hits="0" branch="false" />
            <line number="63" hits="0" branch="true" condition-coverage="0% (0/2)" />
            <line number="64" hits="0" branch="false" />
            <line number="65" hits="0" branch="false" />
            <line number="66" hits="0" branch="true" condition-coverage="0% (0/2)" />
            <line number="67" hits="0" branch="false" />
            <line number="68" hits="0" branch="false" />
            <line number="69" hits="0" branch="true" condition-coverage="0% (0/2)" />
            <line number="70" hits="0" branch="false" />
            <line number="71" hits="0" branch="false" />
            <line number="72" hits="0" branch="true" condition-coverage="0% (0/2)" />
            <line number="73" hits="0" branch="false" />
            <line number="74" hits="0" branch="false" />
            <line number="75" hits="0" branch="false" />
            <line number="77" hits="0" branch="true" condition-coverage="0% (0/2)" />
            <line number="78" hits="0" branch="false" />
            <line number="79" hits="0" branch="false" />
            <line number="80" hits="0" branch="false" />
            <line number="81" hits="0" branch="false" />
            <line number="82" hits="0" branch="false" />
            <line number="94" hits="0" branch="false" />
            <line number="95" hits="0" branch="false" />
            <line number="96" hits="0" branch="false" />
            <line number="97" hits="0" branch="false" />
            <line number="110" hits="0" branch="false" />
            <line number="112" hits="0" branch="false" />
            <line number="114" hits="0" branch="false" />
            <line number="116" hits="0" branch="false" />
            <line number="119" hits="0" branch="false" />
            <line number="120" hits="0" branch="true" condition-coverage="0% (0/4)" />
            <line number="121" hits="0" branch="false" />
            <line number="122" hits="0" branch="false" />
            <line number="125" hits="0" branch="false" />
            <line number="126" hits="0" branch="true" condition-coverage="0% (0/2)" />
            <line number="127" hits="0" branch="false" />
            <line number="128" hits="0" branch="false" />
            <line number="131" hits="0" branch="false" />
            <line number="132" hits="0" branch="true" condition-coverage="0% (0/2)" />
            <line number="133" hits="0" branch="false" />
            <line number="134" hits="0" branch="false" />
            <line number="137" hits="0" branch="false" />
            <line number="138" hits="0" branch="true" condition-coverage="0% (0/2)" />
            <line number="139" hits="0" branch="false" />
            <line number="140" hits="0" branch="false" />
            <line number="142" hits="0" branch="true" condition-coverage="0% (0/2)" />
            <line number="143" hits="0" branch="false" />
            <line number="144" hits="0" branch="false" />
            <line number="147" hits="0" branch="false" />
            <line number="148" hits="0" branch="false" />
            <line number="151" hits="0" branch="false" />
            <line number="152" hits="0" branch="true" condition-coverage="0% (0/2)" />
            <line number="153" hits="0" branch="false" />
            <line number="154" hits="0" branch="false" />
            <line number="156" hits="0" branch="true" condition-coverage="0% (0/2)" />
            <line number="157" hits="0" branch="false" />
            <line number="158" hits="0" branch="false" />
            <line number="161" hits="0" branch="false" />
            <line number="162" hits="0" branch="false" />
          </lines>
        </class>
        <class name="Optimizely.Graph.Source.Sdk.ExpressionHelpers.ExpressionFinder`1" filename="C:\Users\jamin\source\repos\graph-source-sdk\Optimizely.Graph.Source.Sdk\Optimizely.Graph.Source.Sdk\ExpressionHelpers\ExpressionFinder.cs" line-rate="0" branch-rate="0" complexity="8">
          <methods>
            <method name="Find" signature="(...)" line-rate="0" branch-rate="1" complexity="1">
              <lines>
                <line number="21" hits="0" branch="false" />
                <line number="22" hits="0" branch="false" />
                <line number="23" hits="0" branch="false" />
                <line number="24" hits="0" branch="false" />
                <line number="25" hits="0" branch="false" />
                <line number="26" hits="0" branch="false" />
              </lines>
            </method>
            <method name="Visit" signature="(...)" line-rate="0" branch-rate="0" complexity="6">
              <lines>
                <line number="35" hits="0" branch="false" />
                <line number="36" hits="0" branch="true" condition-coverage="0% (0/4)" />
                <line number="37" hits="0" branch="false" />
                <line number="38" hits="0" branch="true" condition-coverage="0% (0/2)" />
                <line number="39" hits="0" branch="false" />
                <line number="40" hits="0" branch="false" />
                <line number="42" hits="0" branch="false" />
                <line number="43" hits="0" branch="false" />
              </lines>
            </method>
            <method name=".ctor" signature="()" line-rate="0" branch-rate="1" complexity="1">
              <lines>
                <line number="11" hits="0" branch="false" />
              </lines>
            </method>
          </methods>
          <lines>
            <line number="11" hits="0" branch="false" />
            <line number="21" hits="0" branch="false" />
            <line number="22" hits="0" branch="false" />
            <line number="23" hits="0" branch="false" />
            <line number="24" hits="0" branch="false" />
            <line number="25" hits="0" branch="false" />
            <line number="26" hits="0" branch="false" />
            <line number="35" hits="0" branch="false" />
            <line number="36" hits="0" branch="true" condition-coverage="0% (0/4)" />
            <line number="37" hits="0" branch="false" />
            <line number="38" hits="0" branch="true" condition-coverage="0% (0/2)" />
            <line number="39" hits="0" branch="false" />
            <line number="40" hits="0" branch="false" />
            <line number="42" hits="0" branch="false" />
            <line number="43" hits="0" branch="false" />
          </lines>
        </class>
        <class name="Optimizely.Graph.Source.Sdk.ExpressionHelpers.ExpressionHashCalculator" filename="C:\Users\jamin\source\repos\graph-source-sdk\Optimizely.Graph.Source.Sdk\Optimizely.Graph.Source.Sdk\ExpressionHelpers\ExpressionHashCalculator.cs" line-rate="0" branch-rate="1" complexity="2">
          <methods>
            <method name="CalculateHashCode" signature="(...)" line-rate="0" branch-rate="1" complexity="1">
              <lines>
                <line number="11" hits="0" branch="false" />
                <line number="12" hits="0" branch="false" />
                <line number="13" hits="0" branch="false" />
              </lines>
            </method>
            <method name=".cctor" signature="()" line-rate="0" branch-rate="1" complexity="1">
              <lines>
                <line number="8" hits="0" branch="false" />
              </lines>
            </method>
          </methods>
          <lines>
            <line number="8" hits="0" branch="false" />
            <line number="11" hits="0" branch="false" />
            <line number="12" hits="0" branch="false" />
            <line number="13" hits="0" branch="false" />
          </lines>
        </class>
        <class name="Optimizely.Graph.Source.Sdk.ExpressionHelpers.ExpressionReplacer`1" filename="C:\Users\jamin\source\repos\graph-source-sdk\Optimizely.Graph.Source.Sdk\Optimizely.Graph.Source.Sdk\ExpressionHelpers\ExpressionReplacer.cs" line-rate="0" branch-rate="0" complexity="7">
          <methods>
            <method name="Replace" signature="(...)" line-rate="0" branch-rate="1" complexity="1">
              <lines>
                <line number="28" hits="0" branch="false" />
                <line number="29" hits="0" branch="false" />
                <line number="30" hits="0" branch="false" />
                <line number="31" hits="0" branch="false" />
                <line number="32" hits="0" branch="false" />
              </lines>
            </method>
            <method name="Visit" signature="(...)" line-rate="0" branch-rate="0" complexity="6">
              <lines>
                <line number="42" hits="0" branch="false" />
                <line number="43" hits="0" branch="true" condition-coverage="0% (0/4)" />
                <line number="44" hits="0" branch="false" />
                <line number="45" hits="0" branch="true" condition-coverage="0% (0/2)" />
                <line number="46" hits="0" branch="false" />
                <line number="47" hits="0" branch="false" />
                <line number="48" hits="0" branch="false" />
                <line number="49" hits="0" branch="false" />
              </lines>
            </method>
          </methods>
          <lines>
            <line number="28" hits="0" branch="false" />
            <line number="29" hits="0" branch="false" />
            <line number="30" hits="0" branch="false" />
            <line number="31" hits="0" branch="false" />
            <line number="32" hits="0" branch="false" />
            <line number="42" hits="0" branch="false" />
            <line number="43" hits="0" branch="true" condition-coverage="0% (0/4)" />
            <line number="44" hits="0" branch="false" />
            <line number="45" hits="0" branch="true" condition-coverage="0% (0/2)" />
            <line number="46" hits="0" branch="false" />
            <line number="47" hits="0" branch="false" />
            <line number="48" hits="0" branch="false" />
            <line number="49" hits="0" branch="false" />
          </lines>
        </class>
        <class name="Optimizely.Graph.Source.Sdk.ExpressionHelpers.ExpressionVisitor" filename="C:\Users\jamin\source\repos\graph-source-sdk\Optimizely.Graph.Source.Sdk\Optimizely.Graph.Source.Sdk\ExpressionHelpers\ExpressionVisitor.cs" line-rate="0.0979591836734694" branch-rate="0.100719424460432" complexity="142">
          <methods>
            <method name="Visit" signature="(...)" line-rate="0.4" branch-rate="0.244897959183673" complexity="49">
              <lines>
                <line number="13" hits="50" branch="false" />
                <line number="14" hits="50" branch="true" condition-coverage="50% (1/2)" />
                <line number="15" hits="0" branch="false" />
                <line number="16" hits="50" branch="true" condition-coverage="23% (11/47)" />
                <line number="26" hits="5" branch="false" />
                <line number="50" hits="0" branch="false" />
                <line number="52" hits="0" branch="false" />
                <line number="54" hits="0" branch="false" />
                <line number="56" hits="0" branch="false" />
                <line number="58" hits="15" branch="false" />
                <line number="60" hits="15" branch="false" />
                <line number="62" hits="0" branch="false" />
                <line number="64" hits="15" branch="false" />
                <line number="66" hits="0" branch="false" />
                <line number="69" hits="0" branch="false" />
                <line number="71" hits="0" branch="false" />
                <line number="73" hits="0" branch="false" />
                <line number="75" hits="0" branch="false" />
                <line number="77" hits="0" branch="false" />
                <line number="79" hits="50" branch="false" />
              </lines>
            </method>
            <method name="VisitBinding" signature="(...)" line-rate="0" branch-rate="0" complexity="4">
              <lines>
                <line number="82" hits="0" branch="false" />
                <line number="83" hits="0" branch="true" condition-coverage="0% (0/4)" />
                <line number="86" hits="0" branch="false" />
                <line number="88" hits="0" branch="false" />
                <line number="90" hits="0" branch="false" />
                <line number="92" hits="0" branch="false" />
                <line number="94" hits="0" branch="false" />
              </lines>
            </method>
            <method name="VisitElementInitializer" signature="(...)" line-rate="0" branch-rate="0" complexity="2">
              <lines>
                <line number="97" hits="0" branch="false" />
                <line number="98" hits="0" branch="false" />
                <line number="99" hits="0" branch="true" condition-coverage="0% (0/2)" />
                <line number="100" hits="0" branch="false" />
                <line number="101" hits="0" branch="false" />
                <line number="103" hits="0" branch="false" />
                <line number="104" hits="0" branch="false" />
              </lines>
            </method>
            <method name="VisitUnary" signature="(...)" line-rate="0.714285714285714" branch-rate="0.5" complexity="2">
              <lines>
                <line number="107" hits="5" branch="false" />
                <line number="108" hits="5" branch="false" />
                <line number="109" hits="5" branch="true" condition-coverage="50% (1/2)" />
                <line number="110" hits="0" branch="false" />
                <line number="111" hits="0" branch="false" />
                <line number="113" hits="5" branch="false" />
                <line number="114" hits="5" branch="false" />
              </lines>
            </method>
            <method name="VisitBinary" signature="(...)" line-rate="0" branch-rate="0" complexity="10">
              <lines>
                <line number="117" hits="0" branch="false" />
                <line number="118" hits="0" branch="false" />
                <line number="119" hits="0" branch="false" />
                <line number="120" hits="0" branch="false" />
                <line number="121" hits="0" branch="true" condition-coverage="0% (0/6)" />
                <line number="122" hits="0" branch="false" />
                <line number="123" hits="0" branch="true" condition-coverage="0% (0/4)" />
                <line number="124" hits="0" branch="false" />
                <line number="126" hits="0" branch="false" />
                <line number="128" hits="0" branch="false" />
                <line number="129" hits="0" branch="false" />
              </lines>
            </method>
            <method name="VisitTypeIs" signature="(...)" line-rate="0" branch-rate="0" complexity="2">
              <lines>
                <line number="132" hits="0" branch="false" />
                <line number="133" hits="0" branch="false" />
                <line number="134" hits="0" branch="true" condition-coverage="0% (0/2)" />
                <line number="135" hits="0" branch="false" />
                <line number="136" hits="0" branch="false" />
                <line number="138" hits="0" branch="false" />
                <line number="139" hits="0" branch="false" />
              </lines>
            </method>
            <method name="VisitConstant" signature="(...)" line-rate="0" branch-rate="1" complexity="1">
              <lines>
                <line number="142" hits="0" branch="false" />
                <line number="143" hits="0" branch="false" />
                <line number="144" hits="0" branch="false" />
              </lines>
            </method>
            <method name="VisitConditional" signature="(...)" line-rate="0" branch-rate="0" complexity="6">
              <lines>
                <line number="147" hits="0" branch="false" />
                <line number="148" hits="0" branch="false" />
                <line number="149" hits="0" branch="false" />
                <line number="150" hits="0" branch="false" />
                <line number="151" hits="0" branch="true" condition-coverage="0% (0/6)" />
                <line number="152" hits="0" branch="false" />
                <line number="153" hits="0" branch="false" />
                <line number="155" hits="0" branch="false" />
                <line number="156" hits="0" branch="false" />
              </lines>
            </method>
            <method name="VisitParameter" signature="(...)" line-rate="1" branch-rate="1" complexity="1">
              <lines>
                <line number="159" hits="15" branch="false" />
                <line number="160" hits="15" branch="false" />
                <line number="161" hits="15" branch="false" />
              </lines>
            </method>
            <method name="VisitMemberAccess" signature="(...)" line-rate="0" branch-rate="0" complexity="2">
              <lines>
                <line number="164" hits="0" branch="false" />
                <line number="165" hits="0" branch="false" />
                <line number="166" hits="0" branch="true" condition-coverage="0% (0/2)" />
                <line number="167" hits="0" branch="false" />
                <line number="168" hits="0" branch="false" />
                <line number="170" hits="0" branch="false" />
                <line number="171" hits="0" branch="false" />
              </lines>
            </method>
            <method name="VisitMethodCall" signature="(...)" line-rate="0" branch-rate="0" complexity="4">
              <lines>
                <line number="174" hits="0" branch="false" />
                <line number="175" hits="0" branch="false" />
                <line number="176" hits="0" branch="false" />
                <line number="177" hits="0" branch="true" condition-coverage="0% (0/4)" />
                <line number="178" hits="0" branch="false" />
                <line number="179" hits="0" branch="false" />
                <line number="181" hits="0" branch="false" />
                <line number="182" hits="0" branch="false" />
              </lines>
            </method>
            <method name="VisitExpressionList" signature="(...)" line-rate="0" branch-rate="0" complexity="10">
              <lines>
                <line number="185" hits="0" branch="false" />
                <line number="186" hits="0" branch="false" />
                <line number="187" hits="0" branch="true" condition-coverage="0% (0/2)" />
                <line number="188" hits="0" branch="false" />
                <line number="189" hits="0" branch="false" />
                <line number="190" hits="0" branch="true" condition-coverage="0% (0/2)" />
                <line number="191" hits="0" branch="false" />
                <line number="192" hits="0" branch="false" />
                <line number="193" hits="0" branch="false" />
                <line number="194" hits="0" branch="true" condition-coverage="0% (0/2)" />
                <line number="195" hits="0" branch="false" />
                <line number="196" hits="0" branch="false" />
                <line number="197" hits="0" branch="true" condition-coverage="0% (0/2)" />
                <line number="198" hits="0" branch="false" />
                <line number="199" hits="0" branch="false" />
                <line number="200" hits="0" branch="false" />
                <line number="201" hits="0" branch="false" />
                <line number="202" hits="0" branch="false" />
                <line number="203" hits="0" branch="false" />
                <line number="204" hits="0" branch="true" condition-coverage="0% (0/2)" />
                <line number="205" hits="0" branch="false" />
                <line number="206" hits="0" branch="false" />
                <line number="208" hits="0" branch="false" />
                <line number="209" hits="0" branch="false" />
              </lines>
            </method>
            <method name="VisitMemberAssignment" signature="(...)" line-rate="0" branch-rate="0" complexity="2">
              <lines>
                <line number="212" hits="0" branch="false" />
                <line number="213" hits="0" branch="false" />
                <line number="214" hits="0" branch="true" condition-coverage="0% (0/2)" />
                <line number="215" hits="0" branch="false" />
                <line number="224" hits="0" branch="false" />
                <line number="225" hits="0" branch="false" />
                <line number="227" hits="0" branch="false" />
                <line number="228" hits="0" branch="false" />
                <line number="229" hits="0" branch="false" />
                <line number="230" hits="0" branch="false" />
                <line number="231" hits="0" branch="false" />
                <line number="232" hits="0" branch="false" />
                <line number="233" hits="0" branch="false" />
                <line number="234" hits="0" branch="false" />
                <line number="235" hits="0" branch="false" />
                <line number="236" hits="0" branch="false" />
                <line number="240" hits="0" branch="false" />
                <line number="241" hits="0" branch="false" />
              </lines>
            </method>
            <method name="VisitMemberMemberBinding" signature="(...)" line-rate="0" branch-rate="0" complexity="2">
              <lines>
                <line number="244" hits="0" branch="false" />
                <line number="245" hits="0" branch="false" />
                <line number="246" hits="0" branch="true" condition-coverage="0% (0/2)" />
                <line number="247" hits="0" branch="false" />
                <line number="248" hits="0" branch="false" />
                <line number="250" hits="0" branch="false" />
                <line number="251" hits="0" branch="false" />
              </lines>
            </method>
            <method name="VisitMemberListBinding" signature="(...)" line-rate="0" branch-rate="0" complexity="2">
              <lines>
                <line number="254" hits="0" branch="false" />
                <line number="255" hits="0" branch="false" />
                <line number="256" hits="0" branch="true" condition-coverage="0% (0/2)" />
                <line number="257" hits="0" branch="false" />
                <line number="258" hits="0" branch="false" />
                <line number="260" hits="0" branch="false" />
                <line number="261" hits="0" branch="false" />
              </lines>
            </method>
            <method name="VisitBindingList" signature="(...)" line-rate="0" branch-rate="0" complexity="10">
              <lines>
                <line number="264" hits="0" branch="false" />
                <line number="265" hits="0" branch="false" />
                <line number="266" hits="0" branch="true" condition-coverage="0% (0/2)" />
                <line number="267" hits="0" branch="false" />
                <line number="268" hits="0" branch="false" />
                <line number="269" hits="0" branch="true" condition-coverage="0% (0/2)" />
                <line number="270" hits="0" branch="false" />
                <line number="271" hits="0" branch="false" />
                <line number="272" hits="0" branch="false" />
                <line number="273" hits="0" branch="true" condition-coverage="0% (0/2)" />
                <line number="274" hits="0" branch="false" />
                <line number="275" hits="0" branch="false" />
                <line number="276" hits="0" branch="true" condition-coverage="0% (0/2)" />
                <line number="277" hits="0" branch="false" />
                <line number="278" hits="0" branch="false" />
                <line number="279" hits="0" branch="false" />
                <line number="280" hits="0" branch="false" />
                <line number="281" hits="0" branch="false" />
                <line number="282" hits="0" branch="false" />
                <line number="283" hits="0" branch="true" condition-coverage="0% (0/2)" />
                <line number="284" hits="0" branch="false" />
                <line number="285" hits="0" branch="false" />
                <line number="286" hits="0" branch="false" />
              </lines>
            </method>
            <method name="VisitElementInitializerList" signature="(...)" line-rate="0" branch-rate="0" complexity="10">
              <lines>
                <line number="289" hits="0" branch="false" />
                <line number="290" hits="0" branch="false" />
                <line number="291" hits="0" branch="true" condition-coverage="0% (0/2)" />
                <line number="292" hits="0" branch="false" />
                <line number="293" hits="0" branch="false" />
                <line number="294" hits="0" branch="true" condition-coverage="0% (0/2)" />
                <line number="295" hits="0" branch="false" />
                <line number="296" hits="0" branch="false" />
                <line number="297" hits="0" branch="false" />
                <line number="298" hits="0" branch="true" condition-coverage="0% (0/2)" />
                <line number="299" hits="0" branch="false" />
                <line number="300" hits="0" branch="false" />
                <line number="301" hits="0" branch="true" condition-coverage="0% (0/2)" />
                <line number="302" hits="0" branch="false" />
                <line number="303" hits="0" branch="false" />
                <line number="304" hits="0" branch="false" />
                <line number="305" hits="0" branch="false" />
                <line number="306" hits="0" branch="false" />
                <line number="307" hits="0" branch="false" />
                <line number="308" hits="0" branch="true" condition-coverage="0% (0/2)" />
                <line number="309" hits="0" branch="false" />
                <line number="310" hits="0" branch="false" />
                <line number="311" hits="0" branch="false" />
              </lines>
            </method>
            <method name="VisitLambda" signature="(...)" line-rate="0.714285714285714" branch-rate="0.5" complexity="2">
              <lines>
                <line number="314" hits="15" branch="false" />
                <line number="315" hits="15" branch="false" />
                <line number="316" hits="15" branch="true" condition-coverage="50% (1/2)" />
                <line number="317" hits="0" branch="false" />
                <line number="318" hits="0" branch="false" />
                <line number="320" hits="15" branch="false" />
                <line number="321" hits="15" branch="false" />
              </lines>
            </method>
            <method name="VisitNew" signature="(...)" line-rate="0" branch-rate="0" complexity="4">
              <lines>
                <line number="324" hits="0" branch="false" />
                <line number="325" hits="0" branch="false" />
                <line number="326" hits="0" branch="true" condition-coverage="0% (0/2)" />
                <line number="327" hits="0" branch="false" />
                <line number="328" hits="0" branch="true" condition-coverage="0% (0/2)" />
                <line number="329" hits="0" branch="false" />
                <line number="331" hits="0" branch="false" />
                <line number="333" hits="0" branch="false" />
                <line number="334" hits="0" branch="false" />
              </lines>
            </method>
            <method name="VisitMemberInit" signature="(...)" line-rate="0" branch-rate="0" complexity="4">
              <lines>
                <line number="337" hits="0" branch="false" />
                <line number="338" hits="0" branch="false" />
                <line number="339" hits="0" branch="false" />
                <line number="340" hits="0" branch="true" condition-coverage="0% (0/4)" />
                <line number="341" hits="0" branch="false" />
                <line number="342" hits="0" branch="false" />
                <line number="344" hits="0" branch="false" />
                <line number="345" hits="0" branch="false" />
              </lines>
            </method>
            <method name="VisitListInit" signature="(...)" line-rate="0" branch-rate="0" complexity="4">
              <lines>
                <line number="348" hits="0" branch="false" />
                <line number="349" hits="0" branch="false" />
                <line number="350" hits="0" branch="false" />
                <line number="351" hits="0" branch="true" condition-coverage="0% (0/4)" />
                <line number="352" hits="0" branch="false" />
                <line number="353" hits="0" branch="false" />
                <line number="355" hits="0" branch="false" />
                <line number="356" hits="0" branch="false" />
              </lines>
            </method>
            <method name="VisitNewArray" signature="(...)" line-rate="0" branch-rate="0" complexity="4">
              <lines>
                <line number="359" hits="0" branch="false" />
                <line number="360" hits="0" branch="false" />
                <line number="361" hits="0" branch="true" condition-coverage="0% (0/2)" />
                <line number="362" hits="0" branch="false" />
                <line number="363" hits="0" branch="true" condition-coverage="0% (0/2)" />
                <line number="364" hits="0" branch="false" />
                <line number="365" hits="0" branch="false" />
                <line number="368" hits="0" branch="false" />
                <line number="369" hits="0" branch="false" />
                <line number="372" hits="0" branch="false" />
                <line number="373" hits="0" branch="false" />
              </lines>
            </method>
            <method name="VisitInvocation" signature="(...)" line-rate="0" branch-rate="0" complexity="4">
              <lines>
                <line number="376" hits="0" branch="false" />
                <line number="377" hits="0" branch="false" />
                <line number="378" hits="0" branch="false" />
                <line number="379" hits="0" branch="true" condition-coverage="0% (0/4)" />
                <line number="380" hits="0" branch="false" />
                <line number="381" hits="0" branch="false" />
                <line number="383" hits="0" branch="false" />
                <line number="384" hits="0" branch="false" />
              </lines>
            </method>
            <method name=".ctor" signature="()" line-rate="1" branch-rate="1" complexity="1">
              <lines>
                <line number="8" hits="15" branch="false" />
                <line number="9" hits="15" branch="false" />
                <line number="10" hits="15" branch="false" />
              </lines>
            </method>
          </methods>
          <lines>
            <line number="8" hits="15" branch="false" />
            <line number="9" hits="15" branch="false" />
            <line number="10" hits="15" branch="false" />
            <line number="13" hits="50" branch="false" />
            <line number="14" hits="50" branch="true" condition-coverage="50% (1/2)" />
            <line number="15" hits="0" branch="false" />
            <line number="16" hits="50" branch="true" condition-coverage="23% (11/47)" />
            <line number="26" hits="5" branch="false" />
            <line number="50" hits="0" branch="false" />
            <line number="52" hits="0" branch="false" />
            <line number="54" hits="0" branch="false" />
            <line number="56" hits="0" branch="false" />
            <line number="58" hits="15" branch="false" />
            <line number="60" hits="15" branch="false" />
            <line number="62" hits="0" branch="false" />
            <line number="64" hits="15" branch="false" />
            <line number="66" hits="0" branch="false" />
            <line number="69" hits="0" branch="false" />
            <line number="71" hits="0" branch="false" />
            <line number="73" hits="0" branch="false" />
            <line number="75" hits="0" branch="false" />
            <line number="77" hits="0" branch="false" />
            <line number="79" hits="50" branch="false" />
            <line number="82" hits="0" branch="false" />
            <line number="83" hits="0" branch="true" condition-coverage="0% (0/4)" />
            <line number="86" hits="0" branch="false" />
            <line number="88" hits="0" branch="false" />
            <line number="90" hits="0" branch="false" />
            <line number="92" hits="0" branch="false" />
            <line number="94" hits="0" branch="false" />
            <line number="97" hits="0" branch="false" />
            <line number="98" hits="0" branch="false" />
            <line number="99" hits="0" branch="true" condition-coverage="0% (0/2)" />
            <line number="100" hits="0" branch="false" />
            <line number="101" hits="0" branch="false" />
            <line number="103" hits="0" branch="false" />
            <line number="104" hits="0" branch="false" />
            <line number="107" hits="5" branch="false" />
            <line number="108" hits="5" branch="false" />
            <line number="109" hits="5" branch="true" condition-coverage="50% (1/2)" />
            <line number="110" hits="0" branch="false" />
            <line number="111" hits="0" branch="false" />
            <line number="113" hits="5" branch="false" />
            <line number="114" hits="5" branch="false" />
            <line number="117" hits="0" branch="false" />
            <line number="118" hits="0" branch="false" />
            <line number="119" hits="0" branch="false" />
            <line number="120" hits="0" branch="false" />
            <line number="121" hits="0" branch="true" condition-coverage="0% (0/6)" />
            <line number="122" hits="0" branch="false" />
            <line number="123" hits="0" branch="true" condition-coverage="0% (0/4)" />
            <line number="124" hits="0" branch="false" />
            <line number="126" hits="0" branch="false" />
            <line number="128" hits="0" branch="false" />
            <line number="129" hits="0" branch="false" />
            <line number="132" hits="0" branch="false" />
            <line number="133" hits="0" branch="false" />
            <line number="134" hits="0" branch="true" condition-coverage="0% (0/2)" />
            <line number="135" hits="0" branch="false" />
            <line number="136" hits="0" branch="false" />
            <line number="138" hits="0" branch="false" />
            <line number="139" hits="0" branch="false" />
            <line number="142" hits="0" branch="false" />
            <line number="143" hits="0" branch="false" />
            <line number="144" hits="0" branch="false" />
            <line number="147" hits="0" branch="false" />
            <line number="148" hits="0" branch="false" />
            <line number="149" hits="0" branch="false" />
            <line number="150" hits="0" branch="false" />
            <line number="151" hits="0" branch="true" condition-coverage="0% (0/6)" />
            <line number="152" hits="0" branch="false" />
            <line number="153" hits="0" branch="false" />
            <line number="155" hits="0" branch="false" />
            <line number="156" hits="0" branch="false" />
            <line number="159" hits="15" branch="false" />
            <line number="160" hits="15" branch="false" />
            <line number="161" hits="15" branch="false" />
            <line number="164" hits="0" branch="false" />
            <line number="165" hits="0" branch="false" />
            <line number="166" hits="0" branch="true" condition-coverage="0% (0/2)" />
            <line number="167" hits="0" branch="false" />
            <line number="168" hits="0" branch="false" />
            <line number="170" hits="0" branch="false" />
            <line number="171" hits="0" branch="false" />
            <line number="174" hits="0" branch="false" />
            <line number="175" hits="0" branch="false" />
            <line number="176" hits="0" branch="false" />
            <line number="177" hits="0" branch="true" condition-coverage="0% (0/4)" />
            <line number="178" hits="0" branch="false" />
            <line number="179" hits="0" branch="false" />
            <line number="181" hits="0" branch="false" />
            <line number="182" hits="0" branch="false" />
            <line number="185" hits="0" branch="false" />
            <line number="186" hits="0" branch="false" />
            <line number="187" hits="0" branch="true" condition-coverage="0% (0/2)" />
            <line number="188" hits="0" branch="false" />
            <line number="189" hits="0" branch="false" />
            <line number="190" hits="0" branch="true" condition-coverage="0% (0/2)" />
            <line number="191" hits="0" branch="false" />
            <line number="192" hits="0" branch="false" />
            <line number="193" hits="0" branch="false" />
            <line number="194" hits="0" branch="true" condition-coverage="0% (0/2)" />
            <line number="195" hits="0" branch="false" />
            <line number="196" hits="0" branch="false" />
            <line number="197" hits="0" branch="true" condition-coverage="0% (0/2)" />
            <line number="198" hits="0" branch="false" />
            <line number="199" hits="0" branch="false" />
            <line number="200" hits="0" branch="false" />
            <line number="201" hits="0" branch="false" />
            <line number="202" hits="0" branch="false" />
            <line number="203" hits="0" branch="false" />
            <line number="204" hits="0" branch="true" condition-coverage="0% (0/2)" />
            <line number="205" hits="0" branch="false" />
            <line number="206" hits="0" branch="false" />
            <line number="208" hits="0" branch="false" />
            <line number="209" hits="0" branch="false" />
            <line number="212" hits="0" branch="false" />
            <line number="213" hits="0" branch="false" />
            <line number="214" hits="0" branch="true" condition-coverage="0% (0/2)" />
            <line number="215" hits="0" branch="false" />
            <line number="224" hits="0" branch="false" />
            <line number="225" hits="0" branch="false" />
            <line number="227" hits="0" branch="false" />
            <line number="228" hits="0" branch="false" />
            <line number="229" hits="0" branch="false" />
            <line number="230" hits="0" branch="false" />
            <line number="231" hits="0" branch="false" />
            <line number="232" hits="0" branch="false" />
            <line number="233" hits="0" branch="false" />
            <line number="234" hits="0" branch="false" />
            <line number="235" hits="0" branch="false" />
            <line number="236" hits="0" branch="false" />
            <line number="240" hits="0" branch="false" />
            <line number="241" hits="0" branch="false" />
            <line number="244" hits="0" branch="false" />
            <line number="245" hits="0" branch="false" />
            <line number="246" hits="0" branch="true" condition-coverage="0% (0/2)" />
            <line number="247" hits="0" branch="false" />
            <line number="248" hits="0" branch="false" />
            <line number="250" hits="0" branch="false" />
            <line number="251" hits="0" branch="false" />
            <line number="254" hits="0" branch="false" />
            <line number="255" hits="0" branch="false" />
            <line number="256" hits="0" branch="true" condition-coverage="0% (0/2)" />
            <line number="257" hits="0" branch="false" />
            <line number="258" hits="0" branch="false" />
            <line number="260" hits="0" branch="false" />
            <line number="261" hits="0" branch="false" />
            <line number="264" hits="0" branch="false" />
            <line number="265" hits="0" branch="false" />
            <line number="266" hits="0" branch="true" condition-coverage="0% (0/2)" />
            <line number="267" hits="0" branch="false" />
            <line number="268" hits="0" branch="false" />
            <line number="269" hits="0" branch="true" condition-coverage="0% (0/2)" />
            <line number="270" hits="0" branch="false" />
            <line number="271" hits="0" branch="false" />
            <line number="272" hits="0" branch="false" />
            <line number="273" hits="0" branch="true" condition-coverage="0% (0/2)" />
            <line number="274" hits="0" branch="false" />
            <line number="275" hits="0" branch="false" />
            <line number="276" hits="0" branch="true" condition-coverage="0% (0/2)" />
            <line number="277" hits="0" branch="false" />
            <line number="278" hits="0" branch="false" />
            <line number="279" hits="0" branch="false" />
            <line number="280" hits="0" branch="false" />
            <line number="281" hits="0" branch="false" />
            <line number="282" hits="0" branch="false" />
            <line number="283" hits="0" branch="true" condition-coverage="0% (0/2)" />
            <line number="284" hits="0" branch="false" />
            <line number="285" hits="0" branch="false" />
            <line number="286" hits="0" branch="false" />
            <line number="289" hits="0" branch="false" />
            <line number="290" hits="0" branch="false" />
            <line number="291" hits="0" branch="true" condition-coverage="0% (0/2)" />
            <line number="292" hits="0" branch="false" />
            <line number="293" hits="0" branch="false" />
            <line number="294" hits="0" branch="true" condition-coverage="0% (0/2)" />
            <line number="295" hits="0" branch="false" />
            <line number="296" hits="0" branch="false" />
            <line number="297" hits="0" branch="false" />
            <line number="298" hits="0" branch="true" condition-coverage="0% (0/2)" />
            <line number="299" hits="0" branch="false" />
            <line number="300" hits="0" branch="false" />
            <line number="301" hits="0" branch="true" condition-coverage="0% (0/2)" />
            <line number="302" hits="0" branch="false" />
            <line number="303" hits="0" branch="false" />
            <line number="304" hits="0" branch="false" />
            <line number="305" hits="0" branch="false" />
            <line number="306" hits="0" branch="false" />
            <line number="307" hits="0" branch="false" />
            <line number="308" hits="0" branch="true" condition-coverage="0% (0/2)" />
            <line number="309" hits="0" branch="false" />
            <line number="310" hits="0" branch="false" />
            <line number="311" hits="0" branch="false" />
            <line number="314" hits="15" branch="false" />
            <line number="315" hits="15" branch="false" />
            <line number="316" hits="15" branch="true" condition-coverage="50% (1/2)" />
            <line number="317" hits="0" branch="false" />
            <line number="318" hits="0" branch="false" />
            <line number="320" hits="15" branch="false" />
            <line number="321" hits="15" branch="false" />
            <line number="324" hits="0" branch="false" />
            <line number="325" hits="0" branch="false" />
            <line number="326" hits="0" branch="true" condition-coverage="0% (0/2)" />
            <line number="327" hits="0" branch="false" />
            <line number="328" hits="0" branch="true" condition-coverage="0% (0/2)" />
            <line number="329" hits="0" branch="false" />
            <line number="331" hits="0" branch="false" />
            <line number="333" hits="0" branch="false" />
            <line number="334" hits="0" branch="false" />
            <line number="337" hits="0" branch="false" />
            <line number="338" hits="0" branch="false" />
            <line number="339" hits="0" branch="false" />
            <line number="340" hits="0" branch="true" condition-coverage="0% (0/4)" />
            <line number="341" hits="0" branch="false" />
            <line number="342" hits="0" branch="false" />
            <line number="344" hits="0" branch="false" />
            <line number="345" hits="0" branch="false" />
            <line number="348" hits="0" branch="false" />
            <line number="349" hits="0" branch="false" />
            <line number="350" hits="0" branch="false" />
            <line number="351" hits="0" branch="true" condition-coverage="0% (0/4)" />
            <line number="352" hits="0" branch="false" />
            <line number="353" hits="0" branch="false" />
            <line number="355" hits="0" branch="false" />
            <line number="356" hits="0" branch="false" />
            <line number="359" hits="0" branch="false" />
            <line number="360" hits="0" branch="false" />
            <line number="361" hits="0" branch="true" condition-coverage="0% (0/2)" />
            <line number="362" hits="0" branch="false" />
            <line number="363" hits="0" branch="true" condition-coverage="0% (0/2)" />
            <line number="364" hits="0" branch="false" />
            <line number="365" hits="0" branch="false" />
            <line number="368" hits="0" branch="false" />
            <line number="369" hits="0" branch="false" />
            <line number="372" hits="0" branch="false" />
            <line number="373" hits="0" branch="false" />
            <line number="376" hits="0" branch="false" />
            <line number="377" hits="0" branch="false" />
            <line number="378" hits="0" branch="false" />
            <line number="379" hits="0" branch="true" condition-coverage="0% (0/4)" />
            <line number="380" hits="0" branch="false" />
            <line number="381" hits="0" branch="false" />
            <line number="383" hits="0" branch="false" />
            <line number="384" hits="0" branch="false" />
          </lines>
        </class>
        <class name="Optimizely.Graph.Source.Sdk.ExpressionHelpers.FieldPathVisitor" filename="C:\Users\jamin\source\repos\graph-source-sdk\Optimizely.Graph.Source.Sdk\Optimizely.Graph.Source.Sdk\ExpressionHelpers\FieldPathVisitor.cs" line-rate="0.407407407407407" branch-rate="0.2" complexity="22">
          <methods>
            <method name="GetPath" signature="()" line-rate="1" branch-rate="1" complexity="1">
              <lines>
                <line number="18" hits="15" branch="false" />
                <line number="19" hits="15" branch="false" />
                <line number="20" hits="15" branch="false" />
                <line number="21" hits="15" branch="false" />
                <line number="22" hits="15" branch="false" />
              </lines>
            </method>
            <method name="PrependMemberName" signature="(...)" line-rate="0.571428571428571" branch-rate="0.5" complexity="2">
              <lines>
                <line number="25" hits="15" branch="false" />
                <line number="26" hits="15" branch="true" condition-coverage="50% (1/2)" />
                <line number="27" hits="0" branch="false" />
                <line number="28" hits="0" branch="false" />
                <line number="29" hits="0" branch="false" />
                <line number="30" hits="15" branch="false" />
                <line number="31" hits="15" branch="false" />
              </lines>
            </method>
            <method name="VisitMemberAccess" signature="(...)" line-rate="0.6" branch-rate="0.375" complexity="8">
              <lines>
                <line number="34" hits="15" branch="false" />
                <line number="35" hits="15" branch="true" condition-coverage="100% (2/2)" />
                <line number="36" hits="15" branch="false" />
                <line number="37" hits="15" branch="false" />
                <line number="38" hits="15" branch="false" />
                <line number="39" hits="15" branch="false" />
                <line number="40" hits="15" branch="true" condition-coverage="50% (1/2)" />
                <line number="41" hits="0" branch="false" />
                <line number="42" hits="0" branch="false" />
                <line number="43" hits="0" branch="true" condition-coverage="0% (0/4)" />
                <line number="44" hits="0" branch="false" />
                <line number="45" hits="0" branch="false" />
                <line number="47" hits="0" branch="false" />
                <line number="49" hits="15" branch="false" />
                <line number="50" hits="15" branch="false" />
              </lines>
            </method>
            <method name="VisitMethodCall" signature="(...)" line-rate="0" branch-rate="0" complexity="10">
              <lines>
                <line number="53" hits="0" branch="false" />
                <line number="54" hits="0" branch="false" />
                <line number="55" hits="0" branch="true" condition-coverage="0% (0/2)" />
                <line number="56" hits="0" branch="false" />
                <line number="57" hits="0" branch="false" />
                <line number="58" hits="0" branch="false" />
                <line number="60" hits="0" branch="false" />
                <line number="61" hits="0" branch="false" />
                <line number="63" hits="0" branch="true" condition-coverage="0% (0/2)" />
                <line number="64" hits="0" branch="false" />
                <line number="67" hits="0" branch="false" />
                <line number="68" hits="0" branch="false" />
                <line number="69" hits="0" branch="false" />
                <line number="70" hits="0" branch="true" condition-coverage="0% (0/4)" />
                <line number="71" hits="0" branch="false" />
                <line number="73" hits="0" branch="false" />
                <line number="75" hits="0" branch="false" />
                <line number="76" hits="0" branch="true" condition-coverage="0% (0/2)" />
                <line number="77" hits="0" branch="false" />
                <line number="78" hits="0" branch="false" />
                <line number="79" hits="0" branch="false" />
                <line number="81" hits="0" branch="false" />
                <line number="82" hits="0" branch="false" />
              </lines>
            </method>
            <method name=".ctor" signature="(...)" line-rate="1" branch-rate="1" complexity="1">
              <lines>
                <line number="12" hits="15" branch="false" />
                <line number="13" hits="15" branch="false" />
                <line number="14" hits="15" branch="false" />
[...]
                <line number="134" hits="4" branch="false" />
                <line number="135" hits="4" branch="false" />
              </lines>
            </method>
            <method name="GetPropertyFieldsByName" signature="(...)" line-rate="0" branch-rate="0" complexity="2">
              <lines>
                <line number="138" hits="0" branch="false" />
                <line number="139" hits="0" branch="true" condition-coverage="0% (0/2)" />
                <line number="140" hits="0" branch="false" />
                <line number="141" hits="0" branch="false" />
                <line number="145" hits="0" branch="false" />
                <line number="146" hits="0" branch="false" />
              </lines>
            </method>
            <method name="GetTypeName" signature="(...)" line-rate="0.454545454545455" branch-rate="0.5" complexity="20">
              <lines>
                <line number="149" hits="13" branch="false" />
                <line number="150" hits="13" branch="true" condition-coverage="50% (1/2)" />
                <line number="151" hits="0" branch="false" />
                <line number="152" hits="0" branch="false" />
                <line number="154" hits="13" branch="true" condition-coverage="50% (1/2)" />
                <line number="155" hits="0" branch="false" />
                <line number="156" hits="0" branch="false" />
                <line number="158" hits="13" branch="true" condition-coverage="50% (1/2)" />
                <line number="159" hits="0" branch="false" />
                <line number="160" hits="0" branch="false" />
                <line number="162" hits="13" branch="true" condition-coverage="50% (1/2)" />
                <line number="163" hits="0" branch="false" />
                <line number="164" hits="0" branch="false" />
                <line number="166" hits="13" branch="true" condition-coverage="100% (2/2)" />
                <line number="167" hits="5" branch="false" />
                <line number="168" hits="5" branch="false" />
                <line number="170" hits="8" branch="true" condition-coverage="50% (1/2)" />
                <line number="171" hits="0" branch="false" />
                <line number="172" hits="0" branch="false" />
                <line number="174" hits="8" branch="true" condition-coverage="50% (1/2)" />
                <line number="175" hits="0" branch="false" />
                <line number="176" hits="0" branch="false" />
                <line number="178" hits="8" branch="true" condition-coverage="50% (1/2)" />
                <line number="179" hits="0" branch="false" />
                <line number="180" hits="0" branch="false" />
                <line number="182" hits="8" branch="true" condition-coverage="50% (1/2)" />
                <line number="183" hits="8" branch="false" />
                <line number="184" hits="8" branch="false" />
                <line number="186" hits="0" branch="true" condition-coverage="0% (0/2)" />
                <line number="187" hits="0" branch="false" />
                <line number="188" hits="0" branch="false" />
                <line number="191" hits="0" branch="false" />
                <line number="192" hits="13" branch="false" />
              </lines>
            </method>
            <method name=".ctor" signature="(...)" line-rate="1" branch-rate="1" complexity="1">
              <lines>
                <line number="14" hits="5" branch="false" />
                <line number="15" hits="5" branch="false" />
                <line number="16" hits="5" branch="false" />
                <line number="17" hits="5" branch="false" />
              </lines>
            </method>
            <method name=".cctor" signature="()" line-rate="1" branch-rate="1" complexity="1">
              <lines>
                <line number="8" hits="1" branch="false" />
                <line number="9" hits="1" branch="false" />
                <line number="10" hits="1" branch="false" />
              </lines>
            </method>
          </methods>
          <lines>
            <line number="8" hits="1" branch="false" />
            <line number="9" hits="1" branch="false" />
            <line number="10" hits="1" branch="false" />
            <line number="12" hits="22" branch="false" />
            <line number="14" hits="5" branch="false" />
            <line number="15" hits="5" branch="false" />
            <line number="16" hits="5" branch="false" />
            <line number="17" hits="5" branch="false" />
            <line number="20" hits="1" branch="false" />
            <line number="21" hits="1" branch="false" />
            <line number="22" hits="1" branch="false" />
            <line number="24" hits="9" branch="false" />
            <line number="27" hits="2" branch="false" />
            <line number="28" hits="2" branch="false" />
            <line number="29" hits="2" branch="false" />
            <line number="30" hits="2" branch="false" />
            <line number="32" hits="2" branch="false" />
            <line number="33" hits="2" branch="false" />
            <line number="36" hits="1" branch="false" />
            <line number="37" hits="1" branch="false" />
            <line number="38" hits="1" branch="false" />
            <line number="41" hits="1" branch="false" />
            <line number="42" hits="1" branch="false" />
            <line number="43" hits="1" branch="false" />
            <line number="46" hits="0" branch="false" />
            <line number="47" hits="0" branch="true" condition-coverage="0% (0/2)" />
            <line number="48" hits="0" branch="false" />
            <line number="49" hits="0" branch="false" />
            <line number="50" hits="0" branch="false" />
            <line number="52" hits="0" branch="false" />
            <line number="53" hits="0" branch="false" />
            <line number="54" hits="0" branch="false" />
            <line number="56" hits="0" branch="false" />
            <line number="57" hits="0" branch="false" />
            <line number="60" hits="11" branch="false" />
            <line number="62" hits="11" branch="true" condition-coverage="100% (2/2)" />
            <line number="63" hits="1" branch="false" />
            <line number="64" hits="1" branch="false" />
            <line number="65" hits="1" branch="false" />
            <line number="66" hits="1" branch="false" />
            <line number="68" hits="11" branch="false" />
            <line number="69" hits="11" branch="false" />
            <line number="70" hits="11" branch="true" condition-coverage="100% (2/2)" />
            <line number="72" hits="11" branch="false" />
            <line number="73" hits="11" branch="false" />
            <line number="74" hits="11" branch="false" />
            <line number="75" hits="11" branch="false" />
            <line number="76" hits="11" branch="false" />
            <line number="77" hits="11" branch="false" />
            <line number="78" hits="11" branch="false" />
            <line number="80" hits="11" branch="false" />
            <line number="81" hits="11" branch="false" />
            <line number="84" hits="4" branch="false" />
            <line number="86" hits="4" branch="true" condition-coverage="100% (2/2)" />
            <line number="87" hits="1" branch="false" />
            <line number="88" hits="1" branch="false" />
            <line number="89" hits="1" branch="false" />
            <line number="90" hits="1" branch="false" />
            <line number="92" hits="4" branch="false" />
            <line number="93" hits="4" branch="false" />
            <line number="95" hits="4" branch="false" />
            <line number="96" hits="4" branch="true" condition-coverage="50% (2/4)" />
            <line number="97" hits="0" branch="false" />
            <line number="98" hits="0" branch="false" />
            <line number="99" hits="0" branch="false" />
            <line number="101" hits="4" branch="false" />
            <line number="102" hits="4" branch="true" condition-coverage="50% (1/2)" />
            <line number="103" hits="4" branch="false" />
            <line number="105" hits="4" branch="false" />
            <line number="106" hits="4" branch="false" />
            <line number="107" hits="4" branch="false" />
            <line number="108" hits="4" branch="false" />
            <line number="109" hits="4" branch="false" />
            <line number="110" hits="4" branch="false" />
            <line number="111" hits="4" branch="false" />
            <line number="113" hits="4" branch="false" />
            <line number="114" hits="4" branch="false" />
            <line number="117" hits="2" branch="false" />
            <line number="118" hits="2" branch="true" condition-coverage="50% (1/2)" />
            <line number="119" hits="0" branch="false" />
            <line number="120" hits="0" branch="false" />
            <line number="123" hits="2" branch="false" />
            <line number="124" hits="2" branch="false" />
            <line number="127" hits="4" branch="false" />
            <line number="128" hits="4" branch="true" condition-coverage="50% (1/2)" />
            <line number="129" hits="0" branch="false" />
            <line number="130" hits="0" branch="false" />
            <line number="134" hits="4" branch="false" />
            <line number="135" hits="4" branch="false" />
            <line number="138" hits="0" branch="false" />
            <line number="139" hits="0" branch="true" condition-coverage="0% (0/2)" />
            <line number="140" hits="0" branch="false" />
            <line number="141" hits="0" branch="false" />
            <line number="145" hits="0" branch="false" />
            <line number="146" hits="0" branch="false" />
            <line number="149" hits="13" branch="false" />
            <line number="150" hits="13" branch="true" condition-coverage="50% (1/2)" />
            <line number="151" hits="0" branch="false" />
            <line number="152" hits="0" branch="false" />
            <line number="154" hits="13" branch="true" condition-coverage="50% (1/2)" />
            <line number="155" hits="0" branch="false" />
            <line number="156" hits="0" branch="false" />
            <line number="158" hits="13" branch="true" condition-coverage="50% (1/2)" />
            <line number="159" hits="0" branch="false" />
            <line number="160" hits="0" branch="false" />
            <line number="162" hits="13" branch="true" condition-coverage="50% (1/2)" />
            <line number="163" hits="0" branch="false" />
            <line number="164" hits="0" branch="false" />
            <line number="166" hits="13" branch="true" condition-coverage="100% (2/2)" />
            <line number="167" hits="5" branch="false" />
            <line number="168" hits="5" branch="false" />
            <line number="170" hits="8" branch="true" condition-coverage="50% (1/2)" />
            <line number="171" hits="0" branch="false" />
            <line number="172" hits="0" branch="false" />
            <line number="174" hits="8" branch="true" condition-coverage="50% (1/2)" />
            <line number="175" hits="0" branch="false" />
            <line number="176" hits="0" branch="false" />
            <line number="178" hits="8" branch="true" condition-coverage="50% (1/2)" />
            <line number="179" hits="0" branch="false" />
            <line number="180" hits="0" branch="false" />
            <line number="182" hits="8" branch="true" condition-coverage="50% (1/2)" />
            <line number="183" hits="8" branch="false" />
            <line number="184" hits="8" branch="false" />
            <line number="186" hits="0" branch="true" condition-coverage="0% (0/2)" />
            <line number="187" hits="0" branch="false" />
            <line number="188" hits="0" branch="false" />
            <line number="191" hits="0" branch="false" />
            <line number="192" hits="13" branch="false" />
          </lines>
        </class>
        <class name="Optimizely.Graph.Source.Sdk.SourceConfiguration.SourceConfigurationModel`1" filename="C:\Users\jamin\source\repos\graph-source-sdk\Optimizely.Graph.Source.Sdk\Optimizely.Graph.Source.Sdk\SourceConfiguration\SourceConfigurationModel.cs" line-rate="0.8125" branch-rate="1" complexity="4">
          <methods>
            <method name="Field" signature="(...)" line-rate="1" branch-rate="1" complexity="2">
              <lines>
                <line number="204" hits="15" branch="false" />
                <line number="205" hits="15" branch="true" condition-coverage="100% (2/2)" />
                <line number="206" hits="11" branch="false" />
                <line number="207" hits="11" branch="false" />
                <line number="208" hits="11" branch="false" />
                <line number="210" hits="4" branch="false" />
                <line number="211" hits="4" branch="false" />
                <line number="212" hits="4" branch="false" />
                <line number="214" hits="15" branch="false" />
                <line number="215" hits="15" branch="false" />
              </lines>
            </method>
            <method name="GetFields" signature="()" line-rate="0" branch-rate="1" complexity="1">
              <lines>
                <line number="218" hits="0" branch="false" />
                <line number="219" hits="0" branch="false" />
                <line number="220" hits="0" branch="false" />
              </lines>
            </method>
            <method name=".ctor" signature="(...)" line-rate="1" branch-rate="1" complexity="1">
              <lines>
                <line number="199" hits="5" branch="false" />
                <line number="200" hits="5" branch="false" />
                <line number="201" hits="5" branch="false" />
              </lines>
            </method>
          </methods>
          <lines>
            <line number="199" hits="5" branch="false" />
            <line number="200" hits="5" branch="false" />
            <line number="201" hits="5" branch="false" />
            <line number="204" hits="15" branch="false" />
            <line number="205" hits="15" branch="true" condition-coverage="100% (2/2)" />
            <line number="206" hits="11" branch="false" />
            <line number="207" hits="11" branch="false" />
            <line number="208" hits="11" branch="false" />
            <line number="210" hits="4" branch="false" />
            <line number="211" hits="4" branch="false" />
            <line number="212" hits="4" branch="false" />
            <line number="214" hits="15" branch="false" />
            <line number="215" hits="15" branch="false" />
            <line number="218" hits="0" branch="false" />
            <line number="219" hits="0" branch="false" />
            <line number="220" hits="0" branch="false" />
          </lines>
        </class>
        <class name="Optimizely.Graph.Source.Sdk.SourceConfiguration.TypeFieldConfiguration" filename="C:\Users\jamin\source\repos\graph-source-sdk\Optimizely.Graph.Source.Sdk\Optimizely.Graph.Source.Sdk\SourceConfiguration\TypeFieldConfiguration.cs" line-rate="1" branch-rate="1" complexity="4">
          <methods>
            <method name="get_ConfigurationType" signature="()" line-rate="1" branch-rate="1" complexity="1">
              <lines>
                <line number="18" hits="12" branch="false" />
              </lines>
            </method>
            <method name="get_TypeName" signature="()" line-rate="1" branch-rate="1" complexity="1">
              <lines>
                <line number="20" hits="10" branch="false" />
              </lines>
            </method>
            <method name="get_Fields" signature="()" line-rate="1" branch-rate="1" complexity="1">
              <lines>
                <line number="22" hits="35" branch="false" />
              </lines>
            </method>
            <method name=".ctor" signature="(...)" line-rate="1" branch-rate="1" complexity="1">
              <lines>
                <line number="11" hits="2" branch="false" />
                <line number="12" hits="2" branch="false" />
                <line number="13" hits="2" branch="false" />
                <line number="14" hits="2" branch="false" />
                <line number="15" hits="2" branch="false" />
                <line number="16" hits="2" branch="false" />
              </lines>
            </method>
          </methods>
          <lines>
            <line number="11" hits="2" branch="false" />
            <line number="12" hits="2" branch="false" />
            <line number="13" hits="2" branch="false" />
            <line number="14" hits="2" branch="false" />
            <line number="15" hits="2" branch="false" />
            <line number="16" hits="2" branch="false" />
            <line number="18" hits="12" branch="false" />
            <line number="20" hits="10" branch="false" />
            <line number="22" hits="35" branch="false" />
          </lines>
        </class>
      </classes>
    </package>
    <package name="Optimizely.Graph.Source.Sdk.Tests" line-rate="0.857142857142857" branch-rate="1" complexity="7">
      <classes>
        <class name="AutoGeneratedProgram" filename="C:\Users\jamin\.nuget\packages\microsoft.net.test.sdk\17.6.0\build\netcoreapp3.1\Microsoft.NET.Test.Sdk.Program.cs" line-rate="0" branch-rate="1" complexity="1">
          <methods>
            <method name="Main" signature="(...)" line-rate="0" branch-rate="1" complexity="1">
              <lines>
                <line number="4" hits="0" branch="false" />
              </lines>
            </method>
          </methods>
          <lines>
            <line number="4" hits="0" branch="false" />
          </lines>
        </class>
        <class name="Optimizely.Graph.Source.Sdk.Tests.ExampleClassObject" filename="C:\Users\jamin\source\repos\graph-source-sdk\Optimizely.Graph.Source.Sdk\Optimizely.Graph.Source.Sdk.Tests\ExampleClassObject.cs" line-rate="1" branch-rate="1" complexity="6">
          <methods>
            <method name="get_FirstName" signature="()" line-rate="1" branch-rate="1" complexity="1">
              <lines>
                <line number="6" hits="7" branch="false" />
              </lines>
            </method>
            <method name="get_LastName" signature="()" line-rate="1" branch-rate="1" complexity="1">
              <lines>
                <line number="8" hits="7" branch="false" />
              </lines>
            </method>
            <method name="get_Age" signature="()" line-rate="1" branch-rate="1" complexity="1">
              <lines>
                <line number="10" hits="7" branch="false" />
              </lines>
            </method>
            <method name="get_SubType" signature="()" line-rate="1" branch-rate="1" complexity="1">
              <lines>
                <line number="12" hits="5" branch="false" />
              </lines>
            </method>
            <method name="get_One" signature="()" line-rate="1" branch-rate="1" complexity="1">
              <lines>
                <line number="16" hits="9" branch="false" />
              </lines>
            </method>
            <method name="get_Two" signature="()" line-rate="1" branch-rate="1" complexity="1">
              <lines>
                <line number="18" hits="9" branch="false" />
              </lines>
            </method>
          </methods>
          <lines>
            <line number="6" hits="7" branch="false" />
            <line number="8" hits="7" branch="false" />
            <line number="10" hits="7" branch="false" />
            <line number="12" hits="5" branch="false" />
            <line number="16" hits="9" branch="false" />
            <line number="18" hits="9" branch="false" />
          </lines>
        </class>
      </classes>
    </package>
  </packages>
</coverage>